<?xml version="1.0" encoding="UTF-8"?>
<testng-results skipped="0" failed="1" total="1" passed="0">
  <reporter-output>
  </reporter-output>
  <suite name="Default suite" duration-ms="185970" started-at="2018-02-01T10:32:40Z" finished-at="2018-02-01T10:35:46Z">
    <groups>
      <group name="Android">
        <method signature="TC01_a_memberRegistration.TC_01_a_memberRegistration(java.lang.String)[pri:0, instance:com.flynas.scripts.android.reg.TC01_a_memberRegistration@10e41621]" name="TC_01_a_memberRegistration" class="com.flynas.scripts.android.reg.TC01_a_memberRegistration"/>
      </group> <!-- Android -->
    </groups>
    <test name="Default test" duration-ms="185970" started-at="2018-02-01T10:32:40Z" finished-at="2018-02-01T10:35:46Z">
      <class name="com.flynas.scripts.android.reg.TC01_a_memberRegistration">
        <test-method status="PASS" signature="setupSuite(org.testng.ITestContext)[pri:0, instance:com.flynas.scripts.android.reg.TC01_a_memberRegistration@10e41621]" name="setupSuite" is-config="true" duration-ms="54233" started-at="2018-02-01T16:01:46Z" finished-at="2018-02-01T16:02:40Z">
          <params>
            <param index="0">
              <value>
                <![CDATA[org.testng.TestRunner@4e423aa2]]>
              </value>
            </param>
          </params>
          <reporter-output>
          </reporter-output>
        </test-method> <!-- setupSuite -->
        <test-method status="PASS" signature="reportHeader(java.lang.reflect.Method)[pri:0, instance:com.flynas.scripts.android.reg.TC01_a_memberRegistration@10e41621]" name="reportHeader" is-config="true" duration-ms="5338" started-at="2018-02-01T16:02:40Z" finished-at="2018-02-01T16:02:46Z">
          <params>
            <param index="0">
              <value>
                <![CDATA[public void com.flynas.scripts.android.reg.TC01_a_memberRegistration.TC_01_a_memberRegistration(java.lang.String) throws java.lang.Throwable]]>
              </value>
            </param>
          </params>
          <reporter-output>
          </reporter-output>
        </test-method> <!-- reportHeader -->
        <test-method status="FAIL" signature="TC_01_a_memberRegistration(java.lang.String)[pri:0, instance:com.flynas.scripts.android.reg.TC01_a_memberRegistration@10e41621]" name="TC_01_a_memberRegistration" duration-ms="179881" started-at="2018-02-01T16:02:46Z" data-provider="testData" finished-at="2018-02-01T16:05:46Z">
          <params>
            <param index="0">
              <value>
                <![CDATA[Validate Member Login]]>
              </value>
            </param>
          </params>
          <exception class="java.lang.AssertionError">
            <message>
              <![CDATA[Step Wait for the element Menu Icon to be present Failed with description Falied to locate element Menu Icon expected [true] but found [false]]]>
            </message>
            <full-stacktrace>
              <![CDATA[java.lang.AssertionError: Step Wait for the element Menu Icon to be present Failed with description Falied to locate element Menu Icon expected [true] but found [false]
	at org.testng.Assert.fail(Assert.java:94)
	at org.testng.Assert.failNotEquals(Assert.java:494)
	at org.testng.Assert.assertTrue(Assert.java:42)
	at com.ctaf.support.HtmlReportSupport.onFailure(HtmlReportSupport.java:779)
	at com.ctaf.utilities.Reporter.failureReport(Reporter.java:91)
	at com.ctaf.accelerators.ActionEngine.waitForElementPresent(ActionEngine.java:692)
	at com.flynas.workflows.Homepage.select_TittleMenu(Homepage.java:47)
	at com.flynas.scripts.android.reg.TC01_a_memberRegistration.TC_01_a_memberRegistration(TC01_a_memberRegistration.java:30)
	at sun.reflect.NativeMethodAccessorImpl.invoke0(Native Method)
	at sun.reflect.NativeMethodAccessorImpl.invoke(NativeMethodAccessorImpl.java:62)
	at sun.reflect.DelegatingMethodAccessorImpl.invoke(DelegatingMethodAccessorImpl.java:43)
	at java.lang.reflect.Method.invoke(Method.java:497)
	at org.testng.internal.MethodInvocationHelper.invokeMethod(MethodInvocationHelper.java:80)
	at org.testng.internal.Invoker.invokeMethod(Invoker.java:714)
	at org.testng.internal.Invoker.invokeTestMethod(Invoker.java:901)
	at org.testng.internal.Invoker.invokeTestMethods(Invoker.java:1231)
	at org.testng.internal.TestMethodWorker.invokeTestMethods(TestMethodWorker.java:127)
	at org.testng.internal.TestMethodWorker.run(TestMethodWorker.java:111)
	at org.testng.TestRunner.privateRun(TestRunner.java:767)
	at org.testng.TestRunner.run(TestRunner.java:617)
	at org.testng.SuiteRunner.runTest(SuiteRunner.java:334)
	at org.testng.SuiteRunner.runSequentially(SuiteRunner.java:329)
	at org.testng.SuiteRunner.privateRun(SuiteRunner.java:291)
	at org.testng.SuiteRunner.run(SuiteRunner.java:240)
	at org.testng.SuiteRunnerWorker.runSuite(SuiteRunnerWorker.java:52)
	at org.testng.SuiteRunnerWorker.run(SuiteRunnerWorker.java:86)
	at org.testng.TestNG.runSuitesSequentially(TestNG.java:1198)
	at org.testng.TestNG.runSuitesLocally(TestNG.java:1123)
	at org.testng.TestNG.run(TestNG.java:1031)
	at org.testng.remote.AbstractRemoteTestNG.run(AbstractRemoteTestNG.java:132)
	at org.testng.remote.RemoteTestNG.initAndRun(RemoteTestNG.java:230)
	at org.testng.remote.RemoteTestNG.main(RemoteTestNG.java:76)
]]>
            </full-stacktrace>
          </exception> <!-- java.lang.AssertionError -->
          <reporter-output>
          </reporter-output>
        </test-method> <!-- TC_01_a_memberRegistration -->
        <test-method status="PASS" signature="tearDownMethod()[pri:0, instance:com.flynas.scripts.android.reg.TC01_a_memberRegistration@10e41621]" name="tearDownMethod" is-config="true" duration-ms="731" started-at="2018-02-01T16:05:46Z" finished-at="2018-02-01T16:05:46Z">
          <reporter-output>
          </reporter-output>
        </test-method> <!-- tearDownMethod -->
        <test-method status="PASS" signature="tearDown(org.testng.ITestContext)[pri:0, instance:com.flynas.scripts.android.reg.TC01_a_memberRegistration@10e41621]" name="tearDown" is-config="true" duration-ms="2210" started-at="2018-02-01T16:05:47Z" finished-at="2018-02-01T16:05:49Z">
          <params>
            <param index="0">
              <value>
                <![CDATA[org.testng.TestRunner@4e423aa2]]>
              </value>
            </param>
          </params>
          <reporter-output>
          </reporter-output>
        </test-method> <!-- tearDown -->
      </class> <!-- com.flynas.scripts.android.reg.TC01_a_memberRegistration -->
    </test> <!-- Default test -->
  </suite> <!-- Default suite -->
</testng-results>
